Using pre-set license
Built from '2020.2/release' branch; Version is '2020.2.1f1 (270dd8c3da1c) revision 2559448'; Using compiler version '192528614'; Build Type 'Release'
OS: 'Windows 10  (10.0.0) 64bit' Language: 'ru' Physical Memory: 12234 MB
BatchMode: 1, IsHumanControllingUs: 0, StartBugReporterOnCrash: 0, Is64bit: 1, IsPro: 0

 COMMAND LINE ARGUMENTS:
C:\Program Files\Unity\Hub\Editor\2020.2.1f1\Editor\Unity.exe
-adb2
-batchMode
-noUpm
-name
AssetImportWorker0
-projectPath
D:/Kudryashov/Учеба/Unity/ITickUnityLesson
-logFile
Logs/AssetImportWorker0.log
-srvPort
53637
Successfully changed project path to: D:/Kudryashov/Учеба/Unity/ITickUnityLesson
D:/Kudryashov/Учеба/Unity/ITickUnityLesson
Using Asset Import Pipeline V2.
Refreshing native plugins compatible for Editor in 46.01 ms, found 0 plugins.
Preloading 0 native plugins for Editor in 0.00 ms.
Initialize engine version: 2020.2.1f1 (270dd8c3da1c)
[Subsystems] Discovering subsystems at path C:/Program Files/Unity/Hub/Editor/2020.2.1f1/Editor/Data/Resources/UnitySubsystems
[Subsystems] Discovering subsystems at path D:/Kudryashov/Учеба/Unity/ITickUnityLesson/Assets
GfxDevice: creating device client; threaded=0
Direct3D:
    Version:  Direct3D 11.0 [level 11.1]
    Renderer: AMD Radeon (TM) R9 380 Series (ID=0x6939)
    Vendor:   
    VRAM:     4070 MB
    Driver:   27.20.20903.8001
Initialize mono
Mono path[0] = 'C:/Program Files/Unity/Hub/Editor/2020.2.1f1/Editor/Data/Managed'
Mono path[1] = 'C:/Program Files/Unity/Hub/Editor/2020.2.1f1/Editor/Data/MonoBleedingEdge/lib/mono/unityjit'
Mono config path = 'C:/Program Files/Unity/Hub/Editor/2020.2.1f1/Editor/Data/MonoBleedingEdge/etc'
Using monoOptions --debugger-agent=transport=dt_socket,embedding=1,server=y,suspend=n,address=127.0.0.1:56248
Begin MonoManager ReloadAssembly
Registering precompiled unity dll's ...
Register platform support module: C:/Program Files/Unity/Hub/Editor/2020.2.1f1/Editor/Data/PlaybackEngines/WindowsStandaloneSupport/UnityEditor.WindowsStandalone.Extensions.dll
Registered in 0.001857 seconds.
Native extension for WindowsStandalone target not found
Refreshing native plugins compatible for Editor in 41.16 ms, found 0 plugins.
Preloading 0 native plugins for Editor in 0.00 ms.
Invoked RoslynAnalysisRunner static constructor.
RoslynAnalysisRunner will not be running.
RoslynAnalysisRunner has terminated.
Mono: successfully reloaded assembly
- Completed reload, in  1.218 seconds
Platform modules already initialized, skipping
Registering precompiled user dll's ...
Registered in 0.002431 seconds.
Begin MonoManager ReloadAssembly
Native extension for WindowsStandalone target not found
Refreshing native plugins compatible for Editor in 60.76 ms, found 0 plugins.
Preloading 0 native plugins for Editor in 0.00 ms.
Invoked RoslynAnalysisRunner static constructor.
RoslynAnalysisRunner will not be running.
RoslynAnalysisRunner has terminated.
Mono: successfully reloaded assembly
- Completed reload, in  2.626 seconds
Platform modules already initialized, skipping
========================================================================
Worker process is ready to serve import requests
Launched and connected shader compiler UnityShaderCompiler.exe after 0.04 seconds
Refreshing native plugins compatible for Editor in 0.82 ms, found 0 plugins.
Preloading 0 native plugins for Editor in 0.00 ms.
Unloading 1948 Unused Serialized files (Serialized files now loaded: 0)
System memory in use before: 82.6 MB.
System memory in use after: 82.7 MB.

Unloading 35 unused Assets to reduce memory usage. Loaded Objects now: 2379.
Total: 3.245200 ms (FindLiveObjects: 0.496800 ms CreateObjectMapping: 0.169300 ms MarkObjects: 2.506600 ms  DeleteObjects: 0.070200 ms)

========================================================================
Received Import Request.
  path: Assets/Homebrew/PoolManager/README.md
  artifactKey: Guid(b16ad1a720a9eda4eaeb28a215cf4d23) Importer(815301076,1909f56bfc062723c751e8b465ee728b)
Start importing Assets/Homebrew/PoolManager/README.md using Guid(b16ad1a720a9eda4eaeb28a215cf4d23) Importer(815301076,1909f56bfc062723c751e8b465ee728b)  -> (artifact id: 'b861a1325fe2ebcfb50b389e80c71234') in 0.040147 seconds
  Import took 0.043907 seconds .

========================================================================
Received Import Request.
  Time since last request: 11.146568 seconds.
  path: Assets/Homebrew/PoolManager/IPoolable.cs
  artifactKey: Guid(455411a12ac727448a03355f8fb78cd0) Importer(815301076,1909f56bfc062723c751e8b465ee728b)
Start importing Assets/Homebrew/PoolManager/IPoolable.cs using Guid(455411a12ac727448a03355f8fb78cd0) Importer(815301076,1909f56bfc062723c751e8b465ee728b)  -> (artifact id: '4cf8c906bc170398a957f0b90e58e6c6') in 0.012870 seconds
  Import took 0.016220 seconds .

========================================================================
Received Import Request.
  Time since last request: 1.607571 seconds.
  path: Assets/Homebrew/PoolManager/ManagerPool.cs
  artifactKey: Guid(2d2deaefe9733f34fb719990df31b455) Importer(815301076,1909f56bfc062723c751e8b465ee728b)
Start importing Assets/Homebrew/PoolManager/ManagerPool.cs using Guid(2d2deaefe9733f34fb719990df31b455) Importer(815301076,1909f56bfc062723c751e8b465ee728b)  -> (artifact id: '0d023a3d0c9ff82914550e2847b16036') in 0.008633 seconds
  Import took 0.012404 seconds .

========================================================================
Received Import Request.
  Time since last request: 5.835431 seconds.
  path: Assets/Homebrew/PoolManager/Pool.cs
  artifactKey: Guid(d09fa4401964ebb44b3c741465caf23e) Importer(815301076,1909f56bfc062723c751e8b465ee728b)
Start importing Assets/Homebrew/PoolManager/Pool.cs using Guid(d09fa4401964ebb44b3c741465caf23e) Importer(815301076,1909f56bfc062723c751e8b465ee728b)  -> (artifact id: '75c16f42cad03379cc1c8944db95be66') in 0.008921 seconds
  Import took 0.013234 seconds .

========================================================================
Received Import Request.
  Time since last request: 0.000723 seconds.
  path: Assets/Homebrew/PoolManager/Pool.cs
  artifactKey: Guid(d09fa4401964ebb44b3c741465caf23e) Importer(815301076,1909f56bfc062723c751e8b465ee728b)
Start importing Assets/Homebrew/PoolManager/Pool.cs using Guid(d09fa4401964ebb44b3c741465caf23e) Importer(815301076,1909f56bfc062723c751e8b465ee728b)  -> (artifact id: '75c16f42cad03379cc1c8944db95be66') in 0.004287 seconds
  Import took 0.007951 seconds .

========================================================================
Received Import Request.
  Time since last request: 8.809376 seconds.
  path: Assets/Homebrew/PoolManager/PoolType.cs
  artifactKey: Guid(39bd3ca8ed9b7314f9abe3ee97fd8e3b) Importer(815301076,1909f56bfc062723c751e8b465ee728b)
Start importing Assets/Homebrew/PoolManager/PoolType.cs using Guid(39bd3ca8ed9b7314f9abe3ee97fd8e3b) Importer(815301076,1909f56bfc062723c751e8b465ee728b)  -> (artifact id: 'd2689ef5889c28d1606937680f1e0a2d') in 0.009324 seconds
  Import took 0.012743 seconds .

========================================================================
Received Import Request.
  Time since last request: 3.642919 seconds.
  path: Assets/Homebrew/Singleton/Scripts
  artifactKey: Guid(f225bd0b47b8e4c4c85105b29c302d14) Importer(815301076,1909f56bfc062723c751e8b465ee728b)
Start importing Assets/Homebrew/Singleton/Scripts using Guid(f225bd0b47b8e4c4c85105b29c302d14) Importer(815301076,1909f56bfc062723c751e8b465ee728b)  -> (artifact id: 'ac3b8c52a9f7c0832af66c85555020cd') in 0.006572 seconds
  Import took 0.010049 seconds .

========================================================================
Received Import Request.
  Time since last request: 0.792002 seconds.
  path: Assets/Homebrew/Singleton/Scripts/Singleton.cs
  artifactKey: Guid(83db70b2cf69b68429ba5af1d72e31db) Importer(815301076,1909f56bfc062723c751e8b465ee728b)
Start importing Assets/Homebrew/Singleton/Scripts/Singleton.cs using Guid(83db70b2cf69b68429ba5af1d72e31db) Importer(815301076,1909f56bfc062723c751e8b465ee728b)  -> (artifact id: 'f0851d414ce30c7b11b855009d395e33') in 0.007481 seconds
  Import took 0.011748 seconds .

========================================================================
Received Import Request.
  Time since last request: 82.982979 seconds.
  path: Assets/Homebrew/Timer/Timer.cs
  artifactKey: Guid(a7e3382735f5e9c4091484509ac733ea) Importer(815301076,1909f56bfc062723c751e8b465ee728b)
Start importing Assets/Homebrew/Timer/Timer.cs using Guid(a7e3382735f5e9c4091484509ac733ea) Importer(815301076,1909f56bfc062723c751e8b465ee728b)  -> (artifact id: '4439b1600e6846a6ea7babf2cc52d42c') in 0.007820 seconds
  Import took 0.011912 seconds .

AssetImportWorkerClient::OnTransportError - code=2 error=End of file
